<?xml version="1.0" encoding="UTF-8"?>
<coverage generated="1755193055785" clover="3.2.0">
  <project timestamp="1755193055785" name="All files">
    <metrics statements="41" coveredstatements="41" conditionals="20" coveredconditionals="18" methods="6" coveredmethods="6" elements="67" coveredelements="65" complexity="0" loc="41" ncloc="41" packages="2" files="2" classes="2"/>
    <package name="repositories.user">
      <metrics statements="17" coveredstatements="17" conditionals="8" coveredconditionals="8" methods="3" coveredmethods="3"/>
      <file name="user.repositoryInMemory.ts" path="C:\Users\FX2I\Documents\javascript\apps\lms\packages\api\core\src\repositories\user\user.repositoryInMemory.ts">
        <metrics statements="17" coveredstatements="17" conditionals="8" coveredconditionals="8" methods="3" coveredmethods="3"/>
        <line num="12" count="1" type="stmt"/>
        <line num="13" count="6" type="stmt"/>
        <line num="16" count="5" type="stmt"/>
        <line num="17" count="5" type="cond" truecount="2" falsecount="0"/>
        <line num="18" count="4" type="stmt"/>
        <line num="19" count="4" type="cond" truecount="2" falsecount="0"/>
        <line num="20" count="1" type="stmt"/>
        <line num="22" count="3" type="stmt"/>
        <line num="31" count="3" type="stmt"/>
        <line num="32" count="3" type="stmt"/>
        <line num="36" count="1" type="stmt"/>
        <line num="41" count="3" type="stmt"/>
        <line num="42" count="3" type="cond" truecount="2" falsecount="0"/>
        <line num="43" count="2" type="cond" truecount="2" falsecount="0"/>
        <line num="44" count="1" type="stmt"/>
        <line num="46" count="1" type="stmt"/>
        <line num="48" count="1" type="stmt"/>
      </file>
    </package>
    <package name="services">
      <metrics statements="24" coveredstatements="24" conditionals="12" coveredconditionals="10" methods="3" coveredmethods="3"/>
      <file name="user.service.ts" path="C:\Users\FX2I\Documents\javascript\apps\lms\packages\api\core\src\services\user.service.ts">
        <metrics statements="24" coveredstatements="24" conditionals="12" coveredconditionals="10" methods="3" coveredmethods="3"/>
        <line num="1" count="1" type="stmt"/>
        <line num="4" count="1" type="stmt"/>
        <line num="6" count="15" type="stmt"/>
        <line num="7" count="15" type="stmt"/>
        <line num="10" count="4" type="stmt"/>
        <line num="11" count="4" type="stmt"/>
        <line num="12" count="3" type="cond" truecount="2" falsecount="0"/>
        <line num="13" count="2" type="stmt"/>
        <line num="15" count="1" type="stmt"/>
        <line num="17" count="1" type="stmt"/>
        <line num="22" count="11" type="stmt"/>
        <line num="23" count="11" type="stmt"/>
        <line num="24" count="11" type="cond" truecount="2" falsecount="0"/>
        <line num="25" count="2" type="stmt"/>
        <line num="28" count="9" type="stmt"/>
        <line num="30" count="8" type="cond" truecount="2" falsecount="0"/>
        <line num="31" count="1" type="stmt"/>
        <line num="33" count="7" type="stmt"/>
        <line num="34" count="7" type="stmt"/>
        <line num="35" count="6" type="stmt"/>
        <line num="36" count="6" type="cond" truecount="2" falsecount="0"/>
        <line num="37" count="1" type="cond" truecount="1" falsecount="1"/>
        <line num="39" count="5" type="stmt"/>
        <line num="42" count="2" type="cond" truecount="1" falsecount="1"/>
      </file>
    </package>
  </project>
</coverage>
