{"C:\\Users\\FX2I\\Documents\\javascript\\apps\\lms\\packages\\api\\src\\repositories\\user\\user.repositoryInMemory.ts": {"path":"C:\\Users\\FX2I\\Documents\\javascript\\apps\\lms\\packages\\api\\src\\repositories\\user\\user.repositoryInMemory.ts","statementMap":{"0":{"start":{"line":13,"column":12},"end":{"line":13,"column":49}},"1":{"start":{"line":16,"column":8},"end":{"line":36,"column":9}},"2":{"start":{"line":17,"column":31},"end":{"line":17,"column":65}},"3":{"start":{"line":18,"column":12},"end":{"line":20,"column":13}},"4":{"start":{"line":19,"column":16},"end":{"line":19,"column":null}},"5":{"start":{"line":21,"column":34},"end":{"line":28,"column":null}},"6":{"start":{"line":30,"column":12},"end":{"line":30,"column":51}},"7":{"start":{"line":31,"column":12},"end":{"line":31,"column":null}},"8":{"start":{"line":35,"column":12},"end":{"line":35,"column":50}},"9":{"start":{"line":40,"column":8},"end":{"line":48,"column":9}},"10":{"start":{"line":41,"column":31},"end":{"line":41,"column":60}},"11":{"start":{"line":42,"column":12},"end":{"line":44,"column":13}},"12":{"start":{"line":43,"column":16},"end":{"line":43,"column":null}},"13":{"start":{"line":45,"column":12},"end":{"line":45,"column":null}},"14":{"start":{"line":47,"column":12},"end":{"line":47,"column":50}},"15":{"start":{"line":12,"column":0},"end":{"line":12,"column":13}}},"fnMap":{"0":{"name":"(anonymous_0)","decl":{"start":{"line":12,"column":0},"end":{"line":12,"column":13}},"loc":{"start":{"line":12,"column":0},"end":{"line":50,"column":1}}},"1":{"name":"(anonymous_1)","decl":{"start":{"line":15,"column":4},"end":{"line":15,"column":9}},"loc":{"start":{"line":15,"column":67},"end":{"line":37,"column":5}}},"2":{"name":"(anonymous_2)","decl":{"start":{"line":39,"column":4},"end":{"line":39,"column":9}},"loc":{"start":{"line":39,"column":39},"end":{"line":49,"column":5}}}},"branchMap":{"0":{"loc":{"start":{"line":17,"column":31},"end":{"line":17,"column":65}},"type":"binary-expr","locations":[{"start":{"line":17,"column":31},"end":{"line":17,"column":57}},{"start":{"line":17,"column":61},"end":{"line":17,"column":65}}]},"1":{"loc":{"start":{"line":18,"column":12},"end":{"line":20,"column":13}},"type":"if","locations":[{"start":{"line":18,"column":12},"end":{"line":20,"column":13}},{"start":{},"end":{}}]},"2":{"loc":{"start":{"line":41,"column":31},"end":{"line":41,"column":60}},"type":"binary-expr","locations":[{"start":{"line":41,"column":31},"end":{"line":41,"column":52}},{"start":{"line":41,"column":56},"end":{"line":41,"column":60}}]},"3":{"loc":{"start":{"line":42,"column":12},"end":{"line":44,"column":13}},"type":"if","locations":[{"start":{"line":42,"column":12},"end":{"line":44,"column":13}},{"start":{},"end":{}}]}},"s":{"0":6,"1":5,"2":5,"3":4,"4":1,"5":3,"6":3,"7":3,"8":1,"9":3,"10":3,"11":2,"12":1,"13":1,"14":1,"15":1},"f":{"0":6,"1":5,"2":3},"b":{"0":[5,3],"1":[1,3],"2":[3,1],"3":[1,1]}}
,"C:\\Users\\FX2I\\Documents\\javascript\\apps\\lms\\packages\\api\\src\\services\\user.service.ts": {"path":"C:\\Users\\FX2I\\Documents\\javascript\\apps\\lms\\packages\\api\\src\\services\\user.service.ts","statementMap":{"0":{"start":{"line":1,"column":0},"end":{"line":1,"column":75}},"1":{"start":{"line":4,"column":24},"end":{"line":4,"column":55}},"2":{"start":{"line":6,"column":8},"end":{"line":14,"column":9}},"3":{"start":{"line":7,"column":26},"end":{"line":7,"column":74}},"4":{"start":{"line":8,"column":12},"end":{"line":10,"column":13}},"5":{"start":{"line":9,"column":16},"end":{"line":9,"column":null}},"6":{"start":{"line":11,"column":8},"end":{"line":11,"column":null}},"7":{"start":{"line":13,"column":12},"end":{"line":13,"column":null}},"8":{"start":{"line":18,"column":8},"end":{"line":38,"column":9}},"9":{"start":{"line":19,"column":32},"end":{"line":19,"column":60}},"10":{"start":{"line":20,"column":12},"end":{"line":22,"column":13}},"11":{"start":{"line":21,"column":16},"end":{"line":21,"column":79}},"12":{"start":{"line":24,"column":31},"end":{"line":24,"column":72}},"13":{"start":{"line":26,"column":12},"end":{"line":28,"column":13}},"14":{"start":{"line":27,"column":16},"end":{"line":27,"column":null}},"15":{"start":{"line":30,"column":27},"end":{"line":30,"column":65}},"16":{"start":{"line":31,"column":12},"end":{"line":33,"column":13}},"17":{"start":{"line":32,"column":16},"end":{"line":32,"column":89}},"18":{"start":{"line":34,"column":12},"end":{"line":34,"column":32}},"19":{"start":{"line":37,"column":12},"end":{"line":37,"column":86}},"20":{"start":{"line":3,"column":0},"end":{"line":3,"column":13}}},"fnMap":{"0":{"name":"(anonymous_0)","decl":{"start":{"line":4,"column":4},"end":{"line":4,"column":24}},"loc":{"start":{"line":4,"column":55},"end":{"line":4,"column":59}}},"1":{"name":"(anonymous_1)","decl":{"start":{"line":5,"column":4},"end":{"line":5,"column":9}},"loc":{"start":{"line":5,"column":42},"end":{"line":16,"column":5}}},"2":{"name":"(anonymous_2)","decl":{"start":{"line":17,"column":4},"end":{"line":17,"column":9}},"loc":{"start":{"line":17,"column":41},"end":{"line":39,"column":5}}}},"branchMap":{"0":{"loc":{"start":{"line":8,"column":12},"end":{"line":10,"column":13}},"type":"if","locations":[{"start":{"line":8,"column":12},"end":{"line":10,"column":13}},{"start":{},"end":{}}]},"1":{"loc":{"start":{"line":20,"column":12},"end":{"line":22,"column":13}},"type":"if","locations":[{"start":{"line":20,"column":12},"end":{"line":22,"column":13}},{"start":{},"end":{}}]},"2":{"loc":{"start":{"line":26,"column":12},"end":{"line":28,"column":13}},"type":"if","locations":[{"start":{"line":26,"column":12},"end":{"line":28,"column":13}},{"start":{},"end":{}}]},"3":{"loc":{"start":{"line":31,"column":12},"end":{"line":33,"column":13}},"type":"if","locations":[{"start":{"line":31,"column":12},"end":{"line":33,"column":13}},{"start":{},"end":{}}]},"4":{"loc":{"start":{"line":32,"column":43},"end":{"line":32,"column":86}},"type":"binary-expr","locations":[{"start":{"line":32,"column":43},"end":{"line":32,"column":55}},{"start":{"line":32,"column":59},"end":{"line":32,"column":86}}]},"5":{"loc":{"start":{"line":37,"column":39},"end":{"line":37,"column":83}},"type":"binary-expr","locations":[{"start":{"line":37,"column":39},"end":{"line":37,"column":52}},{"start":{"line":37,"column":56},"end":{"line":37,"column":83}}]}},"s":{"0":1,"1":14,"2":4,"3":4,"4":3,"5":2,"6":1,"7":1,"8":10,"9":10,"10":10,"11":2,"12":8,"13":7,"14":1,"15":6,"16":5,"17":1,"18":4,"19":2,"20":1},"f":{"0":14,"1":4,"2":10},"b":{"0":[2,1],"1":[2,8],"2":[1,6],"3":[1,4],"4":[1,0],"5":[2,0]}}
}
