TN:
SF:packages\api\core\src\repositories\user\user.repositoryInMemory.ts
FN:12,(anonymous_0)
FN:15,(anonymous_1)
FN:40,(anonymous_2)
FNF:3
FNH:3
FNDA:6,(anonymous_0)
FNDA:5,(anonymous_1)
FNDA:3,(anonymous_2)
DA:12,1
DA:13,6
DA:16,5
DA:17,5
DA:18,4
DA:19,4
DA:20,1
DA:22,3
DA:31,3
DA:32,3
DA:36,1
DA:41,3
DA:42,3
DA:43,2
DA:44,1
DA:46,1
DA:48,1
LF:17
LH:17
BRDA:17,0,0,5
BRDA:17,0,1,3
BRDA:19,1,0,1
BRDA:19,1,1,3
BRDA:42,2,0,3
BRDA:42,2,1,1
BRDA:43,3,0,1
BRDA:43,3,1,1
BRF:8
BRH:8
end_of_record
TN:
SF:packages\api\core\src\services\user.service.ts
FN:5,(anonymous_0)
FN:9,(anonymous_1)
FN:21,(anonymous_2)
FNF:3
FNH:3
FNDA:15,(anonymous_0)
FNDA:4,(anonymous_1)
FNDA:11,(anonymous_2)
DA:1,1
DA:4,1
DA:6,15
DA:7,15
DA:10,4
DA:11,4
DA:12,3
DA:13,2
DA:15,1
DA:17,1
DA:22,11
DA:23,11
DA:24,11
DA:25,2
DA:28,9
DA:30,8
DA:31,1
DA:33,7
DA:34,7
DA:35,6
DA:36,6
DA:37,1
DA:39,5
DA:42,2
LF:24
LH:24
BRDA:12,0,0,2
BRDA:12,0,1,1
BRDA:24,1,0,2
BRDA:24,1,1,9
BRDA:30,2,0,1
BRDA:30,2,1,7
BRDA:36,3,0,1
BRDA:36,3,1,5
BRDA:37,4,0,1
BRDA:37,4,1,0
BRDA:42,5,0,2
BRDA:42,5,1,0
BRF:12
BRH:10
end_of_record
